<?xml version="1.0" encoding="UTF-8"?>
<!-- Generated by org.testng.reporters.JUnitXMLReporter -->
<testsuite hostname="Bhawna-PC" ignored="0" name="TestNGScripts" tests="4" failures="0" timestamp="28 May 2020 02:58:03 GMT" time="159.267" errors="0">
  <testcase name="Login" time="9.655" classname="com.qa.testNGScript.TestNGScriptDemo"/>
  <testcase name="Registration" time="50.401" classname="com.qa.testNGScript.TestNGScriptDemo"/>
  <testcase name="signin" time="2.016" classname="com.qa.testNGScript.AnnotationTestNG"/>
  <testcase name="Resgister" time="87.48" classname="com.qa.testNGScript.AnnotationTestNG"/>
</testsuite> <!-- TestNGScripts -->
