<?xml version="1.0" encoding="UTF-8"?>
<!-- Generated by org.testng.reporters.JUnitXMLReporter -->
<testsuite hostname="Bhawna-PC" ignored="0" name="TestNGScripts" tests="4" failures="0" timestamp="05 Jun 2020 23:49:55 GMT" time="42.642" errors="0">
  <testcase name="Login" time="10.905" classname="com.qa.testNGScript.TestNGScriptDemo"/>
  <testcase name="Registration" time="12.033" classname="com.qa.testNGScript.TestNGScriptDemo"/>
  <testcase name="signin" time="2.23" classname="com.qa.testNGScript.AnnotationTestNG"/>
  <testcase name="Resgister" time="7.201" classname="com.qa.testNGScript.AnnotationTestNG"/>
</testsuite> <!-- TestNGScripts -->
